sdk/mesdk3.10/mesdk/build/intermediates/manifest_merge_blame_file/release/manifest-merger-blame-release-report.txt
1<?xml version="1.0" encoding="utf-8"?>
2<manifest xmlns:android="http://schemas.android.com/apk/res/android"
3    package="com.newland.mesdk"
4    android:versionCode="1"
5    android:versionName="1.0" >
6
7    <uses-sdk
8        android:minSdkVersion="19"
8-->mesdk3.10\mesdk\AndroidManifest.xml
9        android:targetSdkVersion="22" />
9-->mesdk3.10\mesdk\AndroidManifest.xml
10
11    <uses-permission android:name="android.permission.SYSTEM_ALERT_WINDOW" />
11-->mesdk3.10\mesdk\AndroidManifest.xml:7:5-78
11-->mesdk3.10\mesdk\AndroidManifest.xml:7:22-75
12    <uses-permission android:name="android.permission.CHANGE_NETWORK_STATE" />
12-->mesdk3.10\mesdk\AndroidManifest.xml:8:5-79
12-->mesdk3.10\mesdk\AndroidManifest.xml:8:22-76
13    <uses-permission android:name="android.permission.ACCESS_NETWORK_STATE" />
13-->mesdk3.10\mesdk\AndroidManifest.xml:9:5-79
13-->mesdk3.10\mesdk\AndroidManifest.xml:9:22-76
14    <uses-permission android:name="android.permission.READ_PHONE_STATE" />
14-->mesdk3.10\mesdk\AndroidManifest.xml:10:5-75
14-->mesdk3.10\mesdk\AndroidManifest.xml:10:22-72
15    <uses-permission android:name="android.permission.WRITE_APN_SETTINGS" />
15-->mesdk3.10\mesdk\AndroidManifest.xml:11:5-77
15-->mesdk3.10\mesdk\AndroidManifest.xml:11:22-74
16
17</manifest>